   Qt/MSBuild: 3.3.1.1
   Qt: 6.7.0
cl : командная строка  warning D9014: недопустимое значение "2001" для "/wd"; использование "5999"
  Antonov.cpp
E:\workfolders\LearnDEV\Yan2025\Antonov\Antonov.h(1,1): warning C4828: Файл содержит знак, начинающийся со смещения 0x9fa, который является недопустимым в текущей исходной кодировке (кодовая страница 65001).
  (компиляция исходного файла "Antonov.cpp")
  
E:\workfolders\LearnDEV\Yan2025\Antonov\Antonov.h(1,1): warning C4828: Файл содержит знак, начинающийся со смещения 0x9fc, который является недопустимым в текущей исходной кодировке (кодовая страница 65001).
  (компиляция исходного файла "Antonov.cpp")
  
E:\workfolders\LearnDEV\Yan2025\Antonov\Antonov.h(1,1): warning C4828: Файл содержит знак, начинающийся со смещения 0xa00, который является недопустимым в текущей исходной кодировке (кодовая страница 65001).
  (компиляция исходного файла "Antonov.cpp")
  
E:\workfolders\LearnDEV\Yan2025\Antonov\Antonov.h(1,1): warning C4828: Файл содержит знак, начинающийся со смещения 0xa03, который является недопустимым в текущей исходной кодировке (кодовая страница 65001).
  (компиляция исходного файла "Antonov.cpp")
  
E:\workfolders\LearnDEV\Yan2025\Antonov\Antonov.h(1,1): warning C4828: Файл содержит знак, начинающийся со смещения 0xa06, который является недопустимым в текущей исходной кодировке (кодовая страница 65001).
  (компиляция исходного файла "Antonov.cpp")
  
E:\workfolders\LearnDEV\Yan2025\Antonov\Antonov.h(1,1): warning C4828: Файл содержит знак, начинающийся со смещения 0xa09, который является недопустимым в текущей исходной кодировке (кодовая страница 65001).
  (компиляция исходного файла "Antonov.cpp")
  
E:\workfolders\LearnDEV\Yan2025\Antonov\Antonov.h(1,1): warning C4828: Файл содержит знак, начинающийся со смещения 0xa0c, который является недопустимым в текущей исходной кодировке (кодовая страница 65001).
  (компиляция исходного файла "Antonov.cpp")
  
E:\workfolders\LearnDEV\Yan2025\Antonov\Antonov.h(1,1): warning C4828: Файл содержит знак, начинающийся со смещения 0xa10, который является недопустимым в текущей исходной кодировке (кодовая страница 65001).
  (компиляция исходного файла "Antonov.cpp")
  
E:\workfolders\LearnDEV\Yan2025\Antonov\Antonov.h(1,1): warning C4828: Файл содержит знак, начинающийся со смещения 0xab4, который является недопустимым в текущей исходной кодировке (кодовая страница 65001).
  (компиляция исходного файла "Antonov.cpp")
  
E:\workfolders\LearnDEV\Yan2025\Antonov\Antonov.h(1,1): warning C4828: Файл содержит знак, начинающийся со смещения 0xab6, который является недопустимым в текущей исходной кодировке (кодовая страница 65001).
  (компиляция исходного файла "Antonov.cpp")
  
E:\workfolders\LearnDEV\Yan2025\Antonov\Antonov.h(1,1): warning C4828: Файл содержит знак, начинающийся со смещения 0xab9, который является недопустимым в текущей исходной кодировке (кодовая страница 65001).
  (компиляция исходного файла "Antonov.cpp")
  
E:\workfolders\LearnDEV\Yan2025\Antonov\Antonov.h(1,1): warning C4828: Файл содержит знак, начинающийся со смещения 0xabd, который является недопустимым в текущей исходной кодировке (кодовая страница 65001).
  (компиляция исходного файла "Antonov.cpp")
  
E:\workfolders\LearnDEV\Yan2025\Antonov\Antonov.h(1,1): warning C4828: Файл содержит знак, начинающийся со смещения 0xac0, который является недопустимым в текущей исходной кодировке (кодовая страница 65001).
  (компиляция исходного файла "Antonov.cpp")
  
E:\workfolders\LearnDEV\Yan2025\Antonov\Antonov.h(1,1): warning C4828: Файл содержит знак, начинающийся со смещения 0xac4, который является недопустимым в текущей исходной кодировке (кодовая страница 65001).
  (компиляция исходного файла "Antonov.cpp")
  
E:\workfolders\LearnDEV\Yan2025\Antonov\Antonov.h(1,1): warning C4828: Файл содержит знак, начинающийся со смещения 0xb02, который является недопустимым в текущей исходной кодировке (кодовая страница 65001).
  (компиляция исходного файла "Antonov.cpp")
  
E:\workfolders\LearnDEV\Yan2025\Antonov\Antonov.h(1,1): warning C4828: Файл содержит знак, начинающийся со смещения 0xb04, который является недопустимым в текущей исходной кодировке (кодовая страница 65001).
  (компиляция исходного файла "Antonov.cpp")
  
E:\workfolders\LearnDEV\Yan2025\Antonov\Antonov.h(1,1): warning C4828: Файл содержит знак, начинающийся со смещения 0xb07, который является недопустимым в текущей исходной кодировке (кодовая страница 65001).
  (компиляция исходного файла "Antonov.cpp")
  
E:\workfolders\LearnDEV\Yan2025\Antonov\Antonov.h(1,1): warning C4828: Файл содержит знак, начинающийся со смещения 0xb0a, который является недопустимым в текущей исходной кодировке (кодовая страница 65001).
  (компиляция исходного файла "Antonov.cpp")
  
E:\workfolders\LearnDEV\Yan2025\Antonov\Antonov.h(1,1): warning C4828: Файл содержит знак, начинающийся со смещения 0xb0e, который является недопустимым в текущей исходной кодировке (кодовая страница 65001).
  (компиляция исходного файла "Antonov.cpp")
  
E:\workfolders\LearnDEV\Yan2025\Antonov\Antonov.h(1,1): warning C4828: Файл содержит знак, начинающийся со смещения 0xb11, который является недопустимым в текущей исходной кодировке (кодовая страница 65001).
  (компиляция исходного файла "Antonov.cpp")
  
E:\workfolders\LearnDEV\Yan2025\Antonov\Antonov.h(1,1): warning C4828: Файл содержит знак, начинающийся со смещения 0xb15, который является недопустимым в текущей исходной кодировке (кодовая страница 65001).
  (компиляция исходного файла "Antonov.cpp")
  
E:\workfolders\LearnDEV\Yan2025\Antonov\Antonov.h(1,1): warning C4828: Файл содержит знак, начинающийся со смещения 0xb18, который является недопустимым в текущей исходной кодировке (кодовая страница 65001).
  (компиляция исходного файла "Antonov.cpp")
  
E:\workfolders\LearnDEV\Yan2025\Antonov\Antonov.h(1,1): warning C4828: Файл содержит знак, начинающийся со смещения 0xb90, который является недопустимым в текущей исходной кодировке (кодовая страница 65001).
  (компиляция исходного файла "Antonov.cpp")
  
E:\workfolders\LearnDEV\Yan2025\Antonov\Antonov.h(1,1): warning C4828: Файл содержит знак, начинающийся со смещения 0xb92, который является недопустимым в текущей исходной кодировке (кодовая страница 65001).
  (компиляция исходного файла "Antonov.cpp")
  
E:\workfolders\LearnDEV\Yan2025\Antonov\Antonov.h(1,1): warning C4828: Файл содержит знак, начинающийся со смещения 0xb95, который является недопустимым в текущей исходной кодировке (кодовая страница 65001).
  (компиляция исходного файла "Antonov.cpp")
  
E:\workfolders\LearnDEV\Yan2025\Antonov\Antonov.h(1,1): warning C4828: Файл содержит знак, начинающийся со смещения 0xb97, который является недопустимым в текущей исходной кодировке (кодовая страница 65001).
  (компиляция исходного файла "Antonov.cpp")
  
E:\workfolders\LearnDEV\Yan2025\Antonov\Antonov.h(1,1): warning C4828: Файл содержит знак, начинающийся со смещения 0xb9b, который является недопустимым в текущей исходной кодировке (кодовая страница 65001).
  (компиляция исходного файла "Antonov.cpp")
  
E:\workfolders\LearnDEV\Yan2025\Antonov\Antonov.h(1,1): warning C4828: Файл содержит знак, начинающийся со смещения 0xb9e, который является недопустимым в текущей исходной кодировке (кодовая страница 65001).
  (компиляция исходного файла "Antonov.cpp")
  
E:\workfolders\LearnDEV\Yan2025\Antonov\Antonov.h(1,1): warning C4828: Файл содержит знак, начинающийся со смещения 0x1911, который является недопустимым в текущей исходной кодировке (кодовая страница 65001).
  (компиляция исходного файла "Antonov.cpp")
  
E:\workfolders\LearnDEV\Yan2025\Antonov\Antonov.h(1,1): warning C4828: Файл содержит знак, начинающийся со смещения 0x1914, который является недопустимым в текущей исходной кодировке (кодовая страница 65001).
  (компиляция исходного файла "Antonov.cpp")
  
E:\workfolders\LearnDEV\Yan2025\Antonov\Antonov.h(1,1): warning C4828: Файл содержит знак, начинающийся со смещения 0x1916, который является недопустимым в текущей исходной кодировке (кодовая страница 65001).
  (компиляция исходного файла "Antonov.cpp")
  
E:\workfolders\LearnDEV\Yan2025\Antonov\Antonov.h(1,1): warning C4828: Файл содержит знак, начинающийся со смещения 0x1919, который является недопустимым в текущей исходной кодировке (кодовая страница 65001).
  (компиляция исходного файла "Antonov.cpp")
  
E:\workfolders\LearnDEV\Yan2025\Antonov\Antonov.h(1,1): warning C4828: Файл содержит знак, начинающийся со смещения 0x191c, который является недопустимым в текущей исходной кодировке (кодовая страница 65001).
  (компиляция исходного файла "Antonov.cpp")
  
E:\workfolders\LearnDEV\Yan2025\Antonov\Antonov.h(1,1): warning C4828: Файл содержит знак, начинающийся со смещения 0x191f, который является недопустимым в текущей исходной кодировке (кодовая страница 65001).
  (компиляция исходного файла "Antonov.cpp")
  
E:\workfolders\LearnDEV\Yan2025\Antonov\Antonov.h(1,1): warning C4828: Файл содержит знак, начинающийся со смещения 0x1920, который является недопустимым в текущей исходной кодировке (кодовая страница 65001).
  (компиляция исходного файла "Antonov.cpp")
  
E:\workfolders\LearnDEV\Yan2025\Antonov\Antonov.h(1,1): warning C4828: Файл содержит знак, начинающийся со смещения 0x1924, который является недопустимым в текущей исходной кодировке (кодовая страница 65001).
  (компиляция исходного файла "Antonov.cpp")
  
E:\workfolders\LearnDEV\Yan2025\Antonov\Antonov.h(1,1): warning C4828: Файл содержит знак, начинающийся со смещения 0x1927, который является недопустимым в текущей исходной кодировке (кодовая страница 65001).
  (компиляция исходного файла "Antonov.cpp")
  
E:\workfolders\LearnDEV\Yan2025\Antonov\Antonov.h(1,1): warning C4828: Файл содержит знак, начинающийся со смещения 0x192a, который является недопустимым в текущей исходной кодировке (кодовая страница 65001).
  (компиляция исходного файла "Antonov.cpp")
  
E:\workfolders\LearnDEV\Yan2025\Antonov\Antonov.h(1,1): warning C4828: Файл содержит знак, начинающийся со смещения 0x1967, который является недопустимым в текущей исходной кодировке (кодовая страница 65001).
  (компиляция исходного файла "Antonov.cpp")
  
E:\workfolders\LearnDEV\Yan2025\Antonov\Antonov.h(1,1): warning C4828: Файл содержит знак, начинающийся со смещения 0x196a, который является недопустимым в текущей исходной кодировке (кодовая страница 65001).
  (компиляция исходного файла "Antonov.cpp")
  
E:\workfolders\LearnDEV\Yan2025\Antonov\Antonov.h(1,1): warning C4828: Файл содержит знак, начинающийся со смещения 0x196d, который является недопустимым в текущей исходной кодировке (кодовая страница 65001).
  (компиляция исходного файла "Antonov.cpp")
  
E:\workfolders\LearnDEV\Yan2025\Antonov\Antonov.h(1,1): warning C4828: Файл содержит знак, начинающийся со смещения 0x199e, который является недопустимым в текущей исходной кодировке (кодовая страница 65001).
  (компиляция исходного файла "Antonov.cpp")
  
E:\workfolders\LearnDEV\Yan2025\Antonov\Antonov.h(1,1): warning C4828: Файл содержит знак, начинающийся со смещения 0x19a1, который является недопустимым в текущей исходной кодировке (кодовая страница 65001).
  (компиляция исходного файла "Antonov.cpp")
  
E:\workfolders\LearnDEV\Yan2025\Antonov\Antonov.h(1,1): warning C4828: Файл содержит знак, начинающийся со смещения 0x19a4, который является недопустимым в текущей исходной кодировке (кодовая страница 65001).
  (компиляция исходного файла "Antonov.cpp")
  
E:\workfolders\LearnDEV\Yan2025\Antonov\Antonov.h(1,1): warning C4828: Файл содержит знак, начинающийся со смещения 0x19a7, который является недопустимым в текущей исходной кодировке (кодовая страница 65001).
  (компиляция исходного файла "Antonov.cpp")
  
E:\workfolders\LearnDEV\Yan2025\Antonov\Antonov.h(1,1): warning C4828: Файл содержит знак, начинающийся со смещения 0x19aa, который является недопустимым в текущей исходной кодировке (кодовая страница 65001).
  (компиляция исходного файла "Antonov.cpp")
  
E:\workfolders\LearnDEV\Yan2025\Antonov\Antonov.h(1,1): warning C4828: Файл содержит знак, начинающийся со смещения 0x19ad, который является недопустимым в текущей исходной кодировке (кодовая страница 65001).
  (компиляция исходного файла "Antonov.cpp")
  
E:\workfolders\LearnDEV\Yan2025\Antonov\Antonov.h(1,1): warning C4828: Файл содержит знак, начинающийся со смещения 0x19b0, который является недопустимым в текущей исходной кодировке (кодовая страница 65001).
  (компиляция исходного файла "Antonov.cpp")
  
E:\workfolders\LearnDEV\Yan2025\Antonov\Antonov.h(1,1): warning C4828: Файл содержит знак, начинающийся со смещения 0x19b3, который является недопустимым в текущей исходной кодировке (кодовая страница 65001).
  (компиляция исходного файла "Antonov.cpp")
  
E:\workfolders\LearnDEV\Yan2025\Antonov\Antonov.h(1,1): warning C4828: Файл содержит знак, начинающийся со смещения 0x19b6, который является недопустимым в текущей исходной кодировке (кодовая страница 65001).
  (компиляция исходного файла "Antonov.cpp")
  
E:\workfolders\LearnDEV\Yan2025\Antonov\Antonov.h(1,1): warning C4828: Файл содержит знак, начинающийся со смещения 0x19ba, который является недопустимым в текущей исходной кодировке (кодовая страница 65001).
  (компиляция исходного файла "Antonov.cpp")
  
E:\workfolders\LearnDEV\Yan2025\Antonov\Antonov.h(1,1): warning C4828: Файл содержит знак, начинающийся со смещения 0x19bd, который является недопустимым в текущей исходной кодировке (кодовая страница 65001).
  (компиляция исходного файла "Antonov.cpp")
  
  Antonov.vcxproj -> E:\workfolders\LearnDEV\Yan2025\Antonov\x64\Debug\Antonov.exe
